<?xml version="1.0" encoding="UTF-8"?>
<!-- Generated by org.testng.reporters.JUnitReportReporter -->
<testsuite hostname="IBM-PF38Q7KE" failures="0" tests="3" name="tests.searchCustByEmail" time="4.896" errors="0" timestamp="2 Aug 2023 12:22:42 GMT">
  <testcase classname="tests.searchCustByEmail" name="custByEmail" time="0.841"/>
  <testcase classname="tests.searchCustByEmail" name="verifyLoginFeature" time="2.626"/>
  <testcase classname="tests.searchCustByEmail" name="clickCustomerMenu" time="1.429"/>
</testsuite> <!-- tests.searchCustByEmail -->
