<?xml version="1.0" encoding="UTF-8"?>
<!-- Generated by org.testng.reporters.JUnitReportReporter -->
<testsuite hostname="IBM-PF38Q7KE" failures="0" tests="1" name="tests.LoginTest" time="18.879" errors="0" timestamp="1 Aug 2023 15:44:37 GMT">
  <testcase classname="tests.LoginTest" name="verifyLoginFeature" time="18.879"/>
</testsuite> <!-- tests.LoginTest -->
