<?xml version="1.0" encoding="UTF-8"?>
<!-- Generated by org.testng.reporters.JUnitReportReporter -->
<testsuite hostname="IBM-PF38Q7KE" failures="0" tests="3" name="tests.searchCustByName" time="7.134" errors="0" timestamp="2 Aug 2023 13:01:21 GMT">
  <testcase classname="tests.searchCustByName" name="custByName" time="1.359"/>
  <testcase classname="tests.searchCustByName" name="clickCustomerMenu" time="1.416"/>
  <testcase classname="tests.searchCustByName" name="verifyLoginFeature" time="4.359"/>
</testsuite> <!-- tests.searchCustByName -->
