<?xml version="1.0" encoding="UTF-8"?>
<!-- Generated by org.testng.reporters.JUnitReportReporter -->
<testsuite hostname="IBM-PF38Q7KE" failures="0" tests="1" name="logExampleTestNG.NOPCommApp" time="21.047" errors="0" timestamp="1 Aug 2023 15:12:21 GMT">
  <testcase classname="logExampleTestNG.NOPCommApp" name="verifyLoginTest" time="21.047"/>
</testsuite> <!-- logExampleTestNG.NOPCommApp -->
