<?xml version="1.0" encoding="UTF-8"?>
<!-- Generated by org.testng.reporters.JUnitReportReporter -->
<testsuite hostname="IBM-PF38Q7KE" failures="0" tests="3" name="tests.searchCustByEmail" time="7.400" errors="0" timestamp="2 Aug 2023 13:01:21 GMT">
  <testcase classname="tests.searchCustByEmail" name="verifyLoginFeature" time="4.242"/>
  <testcase classname="tests.searchCustByEmail" name="custByEmail" time="1.190"/>
  <testcase classname="tests.searchCustByEmail" name="clickCustomerMenu" time="1.968"/>
</testsuite> <!-- tests.searchCustByEmail -->
